<?xml version="1.0" encoding="UTF-8"?>
<testng-results ignored="0" total="2" passed="2" failed="0" skipped="0">
  <reporter-output>
  </reporter-output>
  <suite started-at="2023-01-07T23:42:59 IST" name="Surefire suite" finished-at="2023-01-07T23:42:59 IST" duration-ms="146">
    <groups>
    </groups>
    <test started-at="2023-01-07T23:42:59 IST" name="Surefire test" finished-at="2023-01-07T23:42:59 IST" duration-ms="146">
      <class name="com.Mycompany.app.Sel_jul_Maven.NewTest">
        <test-method signature="firsttest()[pri:0, instance:com.Mycompany.app.Sel_jul_Maven.NewTest@5609159b]" started-at="2023-01-07T23:42:59 IST" name="firsttest" finished-at="2023-01-07T23:42:59 IST" duration-ms="16" status="PASS">
          <reporter-output>
          </reporter-output>
        </test-method> <!-- firsttest -->
        <test-method signature="secondTest()[pri:0, instance:com.Mycompany.app.Sel_jul_Maven.NewTest@5609159b]" started-at="2023-01-07T23:42:59 IST" name="secondTest" finished-at="2023-01-07T23:42:59 IST" duration-ms="1" status="PASS">
          <reporter-output>
          </reporter-output>
        </test-method> <!-- secondTest -->
      </class> <!-- com.Mycompany.app.Sel_jul_Maven.NewTest -->
    </test> <!-- Surefire test -->
  </suite> <!-- Surefire suite -->
</testng-results>
