<?xml version="1.0" encoding="UTF-8"?>
<testng-results ignored="0" total="3" passed="3" failed="0" skipped="0">
  <reporter-output>
  </reporter-output>
  <suite started-at="2023-01-08T14:33:11 IST" name="Default suite" finished-at="2023-01-08T14:33:33 IST" duration-ms="22483">
    <groups>
    </groups>
    <test started-at="2023-01-08T14:33:11 IST" name="Default test" finished-at="2023-01-08T14:33:33 IST" duration-ms="22483">
      <class name="TestNG1.AnnotationDemoTest">
        <test-method is-config="true" signature="beforeMethod()[pri:0, instance:TestNG1.AnnotationDemoTest@28f2a10f]" started-at="2023-01-08T14:33:11 IST" name="beforeMethod" finished-at="2023-01-08T14:33:19 IST" duration-ms="7675" status="PASS">
          <reporter-output>
          </reporter-output>
        </test-method> <!-- beforeMethod -->
        <test-method signature="Second()[pri:0, instance:TestNG1.AnnotationDemoTest@28f2a10f]" started-at="2023-01-08T14:33:19 IST" name="Second" finished-at="2023-01-08T14:33:19 IST" duration-ms="121" status="PASS">
          <reporter-output>
          </reporter-output>
        </test-method> <!-- Second -->
        <test-method is-config="true" signature="afterMethod()[pri:0, instance:TestNG1.AnnotationDemoTest@28f2a10f]" started-at="2023-01-08T14:33:19 IST" name="afterMethod" finished-at="2023-01-08T14:33:19 IST" duration-ms="301" status="PASS">
          <reporter-output>
          </reporter-output>
        </test-method> <!-- afterMethod -->
        <test-method is-config="true" signature="beforeMethod()[pri:0, instance:TestNG1.AnnotationDemoTest@28f2a10f]" started-at="2023-01-08T14:33:19 IST" name="beforeMethod" finished-at="2023-01-08T14:33:26 IST" duration-ms="6890" status="PASS">
          <reporter-output>
          </reporter-output>
        </test-method> <!-- beforeMethod -->
        <test-method signature="Third()[pri:0, instance:TestNG1.AnnotationDemoTest@28f2a10f]" started-at="2023-01-08T14:33:26 IST" name="Third" finished-at="2023-01-08T14:33:26 IST" duration-ms="431" status="PASS">
          <reporter-output>
          </reporter-output>
        </test-method> <!-- Third -->
        <test-method is-config="true" signature="afterMethod()[pri:0, instance:TestNG1.AnnotationDemoTest@28f2a10f]" started-at="2023-01-08T14:33:26 IST" name="afterMethod" finished-at="2023-01-08T14:33:27 IST" duration-ms="349" status="PASS">
          <reporter-output>
          </reporter-output>
        </test-method> <!-- afterMethod -->
        <test-method is-config="true" signature="beforeMethod()[pri:0, instance:TestNG1.AnnotationDemoTest@28f2a10f]" started-at="2023-01-08T14:33:27 IST" name="beforeMethod" finished-at="2023-01-08T14:33:33 IST" duration-ms="6273" status="PASS">
          <reporter-output>
          </reporter-output>
        </test-method> <!-- beforeMethod -->
        <test-method signature="first()[pri:0, instance:TestNG1.AnnotationDemoTest@28f2a10f]" started-at="2023-01-08T14:33:33 IST" name="first" finished-at="2023-01-08T14:33:33 IST" duration-ms="17" status="PASS">
          <reporter-output>
          </reporter-output>
        </test-method> <!-- first -->
        <test-method is-config="true" signature="afterMethod()[pri:0, instance:TestNG1.AnnotationDemoTest@28f2a10f]" started-at="2023-01-08T14:33:33 IST" name="afterMethod" finished-at="2023-01-08T14:33:33 IST" duration-ms="356" status="PASS">
          <reporter-output>
          </reporter-output>
        </test-method> <!-- afterMethod -->
      </class> <!-- TestNG1.AnnotationDemoTest -->
    </test> <!-- Default test -->
  </suite> <!-- Default suite -->
</testng-results>
