<?xml version="1.0" encoding="UTF-8"?>
<!-- Generated by org.testng.reporters.JUnitXMLReporter -->
<testsuite ignored="0" hostname="SHIRISHAC" failures="0" tests="3" name="Default test" time="22.483" errors="0" timestamp="2023-01-08T14:33:33 IST">
  <testcase classname="TestNG1.AnnotationDemoTest" name="Second" time="0.121"/>
  <testcase classname="TestNG1.AnnotationDemoTest" name="Third" time="0.431"/>
  <testcase classname="TestNG1.AnnotationDemoTest" name="first" time="0.017"/>
</testsuite> <!-- Default test -->
